cpu-bind=MASK - rishon3, task  0  0 [45907]: mask 0x200000002 set
cpu-bind=MASK - rishon3, task  0  0 [45907]: mask 0x200000002 set
*** SLURM BATCH JOB 'test_job' STARTING ***
*** Activating environment cs236605-hw ***
[NbConvertApp] Converting notebook ./Part0_Intro.ipynb to notebook
[NbConvertApp] Executing notebook with kernel: python3
[NbConvertApp] Writing 4114 bytes to ./Part0_Intro.ipynb
[NbConvertApp] Converting notebook ./Part1_Sequence.ipynb to notebook
[NbConvertApp] Executing notebook with kernel: python3
[NbConvertApp] Writing 167936 bytes to ./Part1_Sequence.ipynb
[NbConvertApp] Converting notebook ./Part2_VAE.ipynb to notebook
[NbConvertApp] Executing notebook with kernel: python3
[NbConvertApp] Writing 733762 bytes to ./Part2_VAE.ipynb
[NbConvertApp] Converting notebook ./Part3_GAN.ipynb to notebook
[NbConvertApp] Executing notebook with kernel: python3
[NbConvertApp] Writing 7954809 bytes to ./Part3_GAN.ipynb
[NbConvertApp] Converting notebook ./hw3-313383952.ipynb to html
[NbConvertApp] Writing 9251301 bytes to ./hw3-313383952.html
>> Running 4 notebooks...
>> Running nbconvert on notebook ./Part0_Intro.ipynb [execute|inplace]
>> Finished nbconvert on notebook ./Part0_Intro.ipynb, elapsed=7.329s
>> Running nbconvert on notebook ./Part1_Sequence.ipynb [execute|inplace]
>> Finished nbconvert on notebook ./Part1_Sequence.ipynb, elapsed=62.489s
>> Running nbconvert on notebook ./Part2_VAE.ipynb [execute|inplace]
>> Finished nbconvert on notebook ./Part2_VAE.ipynb, elapsed=27.416s
>> Running nbconvert on notebook ./Part3_GAN.ipynb [execute|inplace]
>> Finished nbconvert on notebook ./Part3_GAN.ipynb, elapsed=320.046s
>> Running nbmerge on notebooks Part0_Intro, Part1_Sequence, Part2_VAE, Part3_GAN
>> Running nbconvert on notebook ./hw3-313383952.ipynb []
>> Finished nbconvert on notebook ./hw3-313383952.ipynb, elapsed=6.796s
>> Created submission ./hw3-313383952.zip. Good luck!
*** SLURM BATCH JOB 'test_job' DONE ***
